Logging level: Debug
Configurations cached at /home/mahdtech/.config/Code - Insiders/User/workspaceStorage/4c4371db76c641e3f63a130584400eb7/ms-vscode.makefile-tools/configurationCache.log
No folder path to the makefile is defined in the settings file.
Always pre-configure: false
Dry-run switches: '--always-make', '--keep-going', '--print-directory'
No current launch configuration is set in the workspace state.
Default launch configuration: MIMode = undefined,
                    miDebuggerPath = undefined,
                    stopAtEntry = undefined,
                    symbolSearchPath = undefined
Configure on open: true
Configure on edit: true
Configure after command: true
Only .PHONY targets: false
Save before build or configure: true
Build before launch: false
Clear output before build: true
Ignore directory commands: true
compile_commands.json path: null
Deduced command 'make -f /home/mahdtech/Projects/GitHub/salt-labs/docs/Makefile' for configuration "Default"
Make was not given any path in settings and is also not found on the environment path.
The makefile entry point was not found. Make sure it exists at the location defined by makefile.makefilePath, makefile.configurations[].makefilePath, makefile.makeDirectory, makefile.configurations[].makeDirectoryor in the root of the workspace.
